Assuming unrestricted shared filesystem usage.
host: kiomars
Building DAG of jobs...
Using shell: /usr/local/fsl/bin/bash
Provided cores: 8
Rules claiming more threads will be scaled down.
Job stats:
job            count
-----------  -------
confounds          1
motion             1
mppca              1
preproc_all        1
total              4

Select jobs to execute...
Execute 1 jobs...
[Tue Oct  7 18:20:49 2025]
localrule mppca:
    output: /mnt/ssd1/MyFirstStudy/derivatives/spineprep/sub-01/func/sub-01_task-motor_acq-KombiShimZBrain_run-01_desc-mppca_bold.nii.gz, /mnt/ssd1/MyFirstStudy/derivatives/spineprep/sub-01/func/sub-01_task-motor_acq-KombiShimZBrain_run-02_desc-mppca_bold.nii.gz, /mnt/ssd1/MyFirstStudy/derivatives/spineprep/sub-01/func/sub-01_task-motor_acq-KombiShimZBrain_run-03_desc-mppca_bold.nii.gz, /mnt/ssd1/MyFirstStudy/derivatives/spineprep/sub-01/func/sub-01_task-motor_acq-KombiShimZBrain_run-04_desc-mppca_bold.nii.gz, /mnt/ssd1/MyFirstStudy/derivatives/spineprep/sub-02/func/sub-02_task-motor_acq-KombiShimZBrain_run-01_desc-mppca_bold.nii.gz, /mnt/ssd1/MyFirstStudy/derivatives/spineprep/sub-02/func/sub-02_task-motor_acq-KombiShimZBrain_run-02_desc-mppca_bold.nii.gz, /mnt/ssd1/MyFirstStudy/derivatives/spineprep/sub-02/func/sub-02_task-motor_acq-KombiShimZBrain_run-03_desc-mppca_bold.nii.gz, /mnt/ssd1/MyFirstStudy/derivatives/spineprep/sub-02/func/sub-02_task-motor_acq-KombiShimZBrain_run-04_desc-mppca_bold.nii.gz, /mnt/ssd1/MyFirstStudy/derivatives/spineprep/sub-03/func/sub-03_task-motor_acq-KombiShimZBrain_run-01_desc-mppca_bold.nii.gz, /mnt/ssd1/MyFirstStudy/derivatives/spineprep/sub-03/func/sub-03_task-motor_acq-KombiShimZBrain_run-02_desc-mppca_bold.nii.gz, /mnt/ssd1/MyFirstStudy/derivatives/spineprep/sub-03/func/sub-03_task-motor_acq-KombiShimZBrain_run-03_desc-mppca_bold.nii.gz, /mnt/ssd1/MyFirstStudy/derivatives/spineprep/sub-03/func/sub-03_task-motor_acq-KombiShimZBrain_run-04_desc-mppca_bold.nii.gz, /mnt/ssd1/MyFirstStudy/derivatives/spineprep/sub-04/func/sub-04_task-motor_acq-KombiShimZBrain_run-01_desc-mppca_bold.nii.gz, /mnt/ssd1/MyFirstStudy/derivatives/spineprep/sub-04/func/sub-04_task-motor_acq-KombiShimZBrain_run-02_desc-mppca_bold.nii.gz, /mnt/ssd1/MyFirstStudy/derivatives/spineprep/sub-04/func/sub-04_task-motor_acq-KombiShimZBrain_run-03_desc-mppca_bold.nii.gz, /mnt/ssd1/MyFirstStudy/derivatives/spineprep/sub-04/func/sub-04_task-motor_acq-KombiShimZBrain_run-04_desc-mppca_bold.nii.gz, /mnt/ssd1/MyFirstStudy/derivatives/spineprep/sub-05/func/sub-05_task-motor_acq-KombiShimZBrain_run-01_desc-mppca_bold.nii.gz, /mnt/ssd1/MyFirstStudy/derivatives/spineprep/sub-05/func/sub-05_task-motor_acq-KombiShimZBrain_run-02_desc-mppca_bold.nii.gz, /mnt/ssd1/MyFirstStudy/derivatives/spineprep/sub-05/func/sub-05_task-motor_acq-KombiShimZBrain_run-03_desc-mppca_bold.nii.gz, /mnt/ssd1/MyFirstStudy/derivatives/spineprep/sub-05/func/sub-05_task-motor_acq-KombiShimZBrain_run-04_desc-mppca_bold.nii.gz, /mnt/ssd1/MyFirstStudy/derivatives/spineprep/sub-06/func/sub-06_task-motor_acq-KombiShimZBrain_run-01_desc-mppca_bold.nii.gz, /mnt/ssd1/MyFirstStudy/derivatives/spineprep/sub-06/func/sub-06_task-motor_acq-KombiShimZBrain_run-02_desc-mppca_bold.nii.gz, /mnt/ssd1/MyFirstStudy/derivatives/spineprep/sub-06/func/sub-06_task-motor_acq-KombiShimZBrain_run-03_desc-mppca_bold.nii.gz, /mnt/ssd1/MyFirstStudy/derivatives/spineprep/sub-06/func/sub-06_task-motor_acq-KombiShimZBrain_run-04_desc-mppca_bold.nii.gz, /mnt/ssd1/MyFirstStudy/derivatives/spineprep/sub-07/func/sub-07_task-motor_acq-KombiShimZBrain_run-01_desc-mppca_bold.nii.gz, /mnt/ssd1/MyFirstStudy/derivatives/spineprep/sub-07/func/sub-07_task-motor_acq-KombiShimZBrain_run-02_desc-mppca_bold.nii.gz, /mnt/ssd1/MyFirstStudy/derivatives/spineprep/sub-07/func/sub-07_task-motor_acq-KombiShimZBrain_run-03_desc-mppca_bold.nii.gz, /mnt/ssd1/MyFirstStudy/derivatives/spineprep/sub-07/func/sub-07_task-motor_acq-KombiShimZBrain_run-04_desc-mppca_bold.nii.gz, /mnt/ssd1/MyFirstStudy/derivatives/spineprep/sub-08/func/sub-08_task-motor_acq-KombiShimZBrain_run-01_desc-mppca_bold.nii.gz, /mnt/ssd1/MyFirstStudy/derivatives/spineprep/sub-08/func/sub-08_task-motor_acq-KombiShimZBrain_run-02_desc-mppca_bold.nii.gz, /mnt/ssd1/MyFirstStudy/derivatives/spineprep/sub-08/func/sub-08_task-motor_acq-KombiShimZBrain_run-03_desc-mppca_bold.nii.gz, /mnt/ssd1/MyFirstStudy/derivatives/spineprep/sub-08/func/sub-08_task-motor_acq-KombiShimZBrain_run-04_desc-mppca_bold.nii.gz, /mnt/ssd1/MyFirstStudy/derivatives/spineprep/sub-09/func/sub-09_task-motor_acq-KombiShimZBrain_run-01_desc-mppca_bold.nii.gz, /mnt/ssd1/MyFirstStudy/derivatives/spineprep/sub-09/func/sub-09_task-motor_acq-KombiShimZBrain_run-02_desc-mppca_bold.nii.gz, /mnt/ssd1/MyFirstStudy/derivatives/spineprep/sub-09/func/sub-09_task-motor_acq-KombiShimZBrain_run-03_desc-mppca_bold.nii.gz, /mnt/ssd1/MyFirstStudy/derivatives/spineprep/sub-09/func/sub-09_task-motor_acq-KombiShimZBrain_run-04_desc-mppca_bold.nii.gz, /mnt/ssd1/MyFirstStudy/derivatives/spineprep/sub-10/func/sub-10_task-motor_acq-KombiShimZBrain_run-01_desc-mppca_bold.nii.gz, /mnt/ssd1/MyFirstStudy/derivatives/spineprep/sub-10/func/sub-10_task-motor_acq-KombiShimZBrain_run-02_desc-mppca_bold.nii.gz, /mnt/ssd1/MyFirstStudy/derivatives/spineprep/sub-10/func/sub-10_task-motor_acq-KombiShimZBrain_run-03_desc-mppca_bold.nii.gz, /mnt/ssd1/MyFirstStudy/derivatives/spineprep/sub-10/func/sub-10_task-motor_acq-KombiShimZBrain_run-04_desc-mppca_bold.nii.gz, /mnt/ssd1/MyFirstStudy/derivatives/spineprep/sub-10/func/sub-10_task-motor_acq-KombiShimZBrain_run-05_desc-mppca_bold.nii.gz, /mnt/ssd1/MyFirstStudy/derivatives/spineprep/sub-10/func/sub-10_task-motor_acq-KombiShimZBrain_run-06_desc-mppca_bold.nii.gz, /mnt/ssd1/MyFirstStudy/derivatives/spineprep/sub-11/func/sub-11_task-motor_acq-KombiShimZBrain_run-01_desc-mppca_bold.nii.gz, /mnt/ssd1/MyFirstStudy/derivatives/spineprep/sub-11/func/sub-11_task-motor_acq-KombiShimZBrain_run-02_desc-mppca_bold.nii.gz, /mnt/ssd1/MyFirstStudy/derivatives/spineprep/sub-11/func/sub-11_task-motor_acq-KombiShimZBrain_run-03_desc-mppca_bold.nii.gz, /mnt/ssd1/MyFirstStudy/derivatives/spineprep/sub-11/func/sub-11_task-motor_acq-KombiShimZBrain_run-04_desc-mppca_bold.nii.gz
    jobid: 3
    reason: Missing output files: /mnt/ssd1/MyFirstStudy/derivatives/spineprep/sub-01/func/sub-01_task-motor_acq-KombiShimZBrain_run-01_desc-mppca_bold.nii.gz, /mnt/ssd1/MyFirstStudy/derivatives/spineprep/sub-04/func/sub-04_task-motor_acq-KombiShimZBrain_run-01_desc-mppca_bold.nii.gz, /mnt/ssd1/MyFirstStudy/derivatives/spineprep/sub-05/func/sub-05_task-motor_acq-KombiShimZBrain_run-02_desc-mppca_bold.nii.gz, /mnt/ssd1/MyFirstStudy/derivatives/spineprep/sub-01/func/sub-01_task-motor_acq-KombiShimZBrain_run-02_desc-mppca_bold.nii.gz, /mnt/ssd1/MyFirstStudy/derivatives/spineprep/sub-03/func/sub-03_task-motor_acq-KombiShimZBrain_run-04_desc-mppca_bold.nii.gz, /mnt/ssd1/MyFirstStudy/derivatives/spineprep/sub-04/func/sub-04_task-motor_acq-KombiShimZBrain_run-03_desc-mppca_bold.nii.gz, /mnt/ssd1/MyFirstStudy/derivatives/spineprep/sub-11/func/sub-11_task-motor_acq-KombiShimZBrain_run-04_desc-mppca_bold.nii.gz, /mnt/ssd1/MyFirstStudy/derivatives/spineprep/sub-11/func/sub-11_task-motor_acq-KombiShimZBrain_run-02_desc-mppca_bold.nii.gz, /mnt/ssd1/MyFirstStudy/derivatives/spineprep/sub-11/func/sub-11_task-motor_acq-KombiShimZBrain_run-01_desc-mppca_bold.nii.gz, /mnt/ssd1/MyFirstStudy/derivatives/spineprep/sub-04/func/sub-04_task-motor_acq-KombiShimZBrain_run-04_desc-mppca_bold.nii.gz, /mnt/ssd1/MyFirstStudy/derivatives/spineprep/sub-10/func/sub-10_task-motor_acq-KombiShimZBrain_run-02_desc-mppca_bold.nii.gz, /mnt/ssd1/MyFirstStudy/derivatives/spineprep/sub-02/func/sub-02_task-motor_acq-KombiShimZBrain_run-03_desc-mppca_bold.nii.gz, /mnt/ssd1/MyFirstStudy/derivatives/spineprep/sub-06/func/sub-06_task-motor_acq-KombiShimZBrain_run-03_desc-mppca_bold.nii.gz, /mnt/ssd1/MyFirstStudy/derivatives/spineprep/sub-02/func/sub-02_task-motor_acq-KombiShimZBrain_run-01_desc-mppca_bold.nii.gz, /mnt/ssd1/MyFirstStudy/derivatives/spineprep/sub-09/func/sub-09_task-motor_acq-KombiShimZBrain_run-04_desc-mppca_bold.nii.gz, /mnt/ssd1/MyFirstStudy/derivatives/spineprep/sub-06/func/sub-06_task-motor_acq-KombiShimZBrain_run-01_desc-mppca_bold.nii.gz, /mnt/ssd1/MyFirstStudy/derivatives/spineprep/sub-06/func/sub-06_task-motor_acq-KombiShimZBrain_run-02_desc-mppca_bold.nii.gz, /mnt/ssd1/MyFirstStudy/derivatives/spineprep/sub-01/func/sub-01_task-motor_acq-KombiShimZBrain_run-04_desc-mppca_bold.nii.gz, /mnt/ssd1/MyFirstStudy/derivatives/spineprep/sub-10/func/sub-10_task-motor_acq-KombiShimZBrain_run-05_desc-mppca_bold.nii.gz, /mnt/ssd1/MyFirstStudy/derivatives/spineprep/sub-05/func/sub-05_task-motor_acq-KombiShimZBrain_run-03_desc-mppca_bold.nii.gz, /mnt/ssd1/MyFirstStudy/derivatives/spineprep/sub-08/func/sub-08_task-motor_acq-KombiShimZBrain_run-01_desc-mppca_bold.nii.gz, /mnt/ssd1/MyFirstStudy/derivatives/spineprep/sub-10/func/sub-10_task-motor_acq-KombiShimZBrain_run-04_desc-mppca_bold.nii.gz, /mnt/ssd1/MyFirstStudy/derivatives/spineprep/sub-08/func/sub-08_task-motor_acq-KombiShimZBrain_run-03_desc-mppca_bold.nii.gz, /mnt/ssd1/MyFirstStudy/derivatives/spineprep/sub-08/func/sub-08_task-motor_acq-KombiShimZBrain_run-04_desc-mppca_bold.nii.gz, /mnt/ssd1/MyFirstStudy/derivatives/spineprep/sub-07/func/sub-07_task-motor_acq-KombiShimZBrain_run-04_desc-mppca_bold.nii.gz, /mnt/ssd1/MyFirstStudy/derivatives/spineprep/sub-09/func/sub-09_task-motor_acq-KombiShimZBrain_run-01_desc-mppca_bold.nii.gz, /mnt/ssd1/MyFirstStudy/derivatives/spineprep/sub-03/func/sub-03_task-motor_acq-KombiShimZBrain_run-01_desc-mppca_bold.nii.gz, /mnt/ssd1/MyFirstStudy/derivatives/spineprep/sub-05/func/sub-05_task-motor_acq-KombiShimZBrain_run-04_desc-mppca_bold.nii.gz, /mnt/ssd1/MyFirstStudy/derivatives/spineprep/sub-09/func/sub-09_task-motor_acq-KombiShimZBrain_run-03_desc-mppca_bold.nii.gz, /mnt/ssd1/MyFirstStudy/derivatives/spineprep/sub-08/func/sub-08_task-motor_acq-KombiShimZBrain_run-02_desc-mppca_bold.nii.gz, /mnt/ssd1/MyFirstStudy/derivatives/spineprep/sub-10/func/sub-10_task-motor_acq-KombiShimZBrain_run-03_desc-mppca_bold.nii.gz, /mnt/ssd1/MyFirstStudy/derivatives/spineprep/sub-09/func/sub-09_task-motor_acq-KombiShimZBrain_run-02_desc-mppca_bold.nii.gz, /mnt/ssd1/MyFirstStudy/derivatives/spineprep/sub-03/func/sub-03_task-motor_acq-KombiShimZBrain_run-02_desc-mppca_bold.nii.gz, /mnt/ssd1/MyFirstStudy/derivatives/spineprep/sub-06/func/sub-06_task-motor_acq-KombiShimZBrain_run-04_desc-mppca_bold.nii.gz, /mnt/ssd1/MyFirstStudy/derivatives/spineprep/sub-07/func/sub-07_task-motor_acq-KombiShimZBrain_run-01_desc-mppca_bold.nii.gz, /mnt/ssd1/MyFirstStudy/derivatives/spineprep/sub-03/func/sub-03_task-motor_acq-KombiShimZBrain_run-03_desc-mppca_bold.nii.gz, /mnt/ssd1/MyFirstStudy/derivatives/spineprep/sub-07/func/sub-07_task-motor_acq-KombiShimZBrain_run-02_desc-mppca_bold.nii.gz, /mnt/ssd1/MyFirstStudy/derivatives/spineprep/sub-02/func/sub-02_task-motor_acq-KombiShimZBrain_run-04_desc-mppca_bold.nii.gz, /mnt/ssd1/MyFirstStudy/derivatives/spineprep/sub-07/func/sub-07_task-motor_acq-KombiShimZBrain_run-03_desc-mppca_bold.nii.gz, /mnt/ssd1/MyFirstStudy/derivatives/spineprep/sub-10/func/sub-10_task-motor_acq-KombiShimZBrain_run-06_desc-mppca_bold.nii.gz, /mnt/ssd1/MyFirstStudy/derivatives/spineprep/sub-04/func/sub-04_task-motor_acq-KombiShimZBrain_run-02_desc-mppca_bold.nii.gz, /mnt/ssd1/MyFirstStudy/derivatives/spineprep/sub-01/func/sub-01_task-motor_acq-KombiShimZBrain_run-03_desc-mppca_bold.nii.gz, /mnt/ssd1/MyFirstStudy/derivatives/spineprep/sub-05/func/sub-05_task-motor_acq-KombiShimZBrain_run-01_desc-mppca_bold.nii.gz, /mnt/ssd1/MyFirstStudy/derivatives/spineprep/sub-11/func/sub-11_task-motor_acq-KombiShimZBrain_run-03_desc-mppca_bold.nii.gz, /mnt/ssd1/MyFirstStudy/derivatives/spineprep/sub-02/func/sub-02_task-motor_acq-KombiShimZBrain_run-02_desc-mppca_bold.nii.gz, /mnt/ssd1/MyFirstStudy/derivatives/spineprep/sub-10/func/sub-10_task-motor_acq-KombiShimZBrain_run-01_desc-mppca_bold.nii.gz; Code has changed since last execution
    resources: tmpdir=/tmp
Shell command: None
Traceback (most recent call last):

  File "/mnt/ssd1/SpinePrep/.venv/lib/python3.12/site-packages/snakemake/executors/local.py", line 233, in spawn_job
    subprocess.check_call(cmd, shell=True)

  File "/usr/local/fsl/lib/python3.12/subprocess.py", line 413, in check_call
    raise CalledProcessError(retcode, cmd)

subprocess.CalledProcessError: Command 'cd /mnt/ssd1/SpinePrep && /mnt/ssd1/SpinePrep/.venv/bin/python -m snakemake --snakefile '/mnt/ssd1/SpinePrep/workflow/Snakefile' --target-jobs 'mppca:' --allowed-rules mppca --cores 8 --attempt 1 --force-use-threads  --force --target-files-omit-workdir-adjustment --max-inventory-time 0 --nocolor --no-hooks --nolock --ignore-incomplete --rerun-triggers mtime software-env input code params --conda-frontend 'conda' --shared-fs-usage source-cache storage-local-copies software-deployment input-output persistence sources --wrapper-prefix 'https://github.com/snakemake/snakemake-wrappers/raw/' --printshellcmds  --latency-wait 30 --scheduler 'ilp' --local-storage-prefix base64//LnNuYWtlbWFrZS9zdG9yYWdl --scheduler-solver-path '/mnt/ssd1/SpinePrep/.venv/bin' --default-resources base64//dG1wZGlyPXN5c3RlbV90bXBkaXI= --quiet progress rules host --mode 'subprocess' --local-groupid 'local'' returned non-zero exit status 1.


During handling of the above exception, another exception occurred:


Traceback (most recent call last):

  File "/usr/local/fsl/lib/python3.12/concurrent/futures/thread.py", line 58, in run
    result = self.fn(*self.args, **self.kwargs)
             ^^^^^^^^^^^^^^^^^^^^^^^^^^^^^^^^^^

  File "/mnt/ssd1/SpinePrep/.venv/lib/python3.12/site-packages/snakemake/executors/local.py", line 248, in cached_or_run
    run_func(*args)

  File "/mnt/ssd1/SpinePrep/.venv/lib/python3.12/site-packages/snakemake/executors/local.py", line 235, in spawn_job
    raise SpawnedJobError()

snakemake.exceptions.SpawnedJobError

[Tue Oct  7 18:20:50 2025]
Error in rule mppca:
    message: None
    jobid: 3
    output: /mnt/ssd1/MyFirstStudy/derivatives/spineprep/sub-01/func/sub-01_task-motor_acq-KombiShimZBrain_run-01_desc-mppca_bold.nii.gz, /mnt/ssd1/MyFirstStudy/derivatives/spineprep/sub-01/func/sub-01_task-motor_acq-KombiShimZBrain_run-02_desc-mppca_bold.nii.gz, /mnt/ssd1/MyFirstStudy/derivatives/spineprep/sub-01/func/sub-01_task-motor_acq-KombiShimZBrain_run-03_desc-mppca_bold.nii.gz, /mnt/ssd1/MyFirstStudy/derivatives/spineprep/sub-01/func/sub-01_task-motor_acq-KombiShimZBrain_run-04_desc-mppca_bold.nii.gz, /mnt/ssd1/MyFirstStudy/derivatives/spineprep/sub-02/func/sub-02_task-motor_acq-KombiShimZBrain_run-01_desc-mppca_bold.nii.gz, /mnt/ssd1/MyFirstStudy/derivatives/spineprep/sub-02/func/sub-02_task-motor_acq-KombiShimZBrain_run-02_desc-mppca_bold.nii.gz, /mnt/ssd1/MyFirstStudy/derivatives/spineprep/sub-02/func/sub-02_task-motor_acq-KombiShimZBrain_run-03_desc-mppca_bold.nii.gz, /mnt/ssd1/MyFirstStudy/derivatives/spineprep/sub-02/func/sub-02_task-motor_acq-KombiShimZBrain_run-04_desc-mppca_bold.nii.gz, /mnt/ssd1/MyFirstStudy/derivatives/spineprep/sub-03/func/sub-03_task-motor_acq-KombiShimZBrain_run-01_desc-mppca_bold.nii.gz, /mnt/ssd1/MyFirstStudy/derivatives/spineprep/sub-03/func/sub-03_task-motor_acq-KombiShimZBrain_run-02_desc-mppca_bold.nii.gz, /mnt/ssd1/MyFirstStudy/derivatives/spineprep/sub-03/func/sub-03_task-motor_acq-KombiShimZBrain_run-03_desc-mppca_bold.nii.gz, /mnt/ssd1/MyFirstStudy/derivatives/spineprep/sub-03/func/sub-03_task-motor_acq-KombiShimZBrain_run-04_desc-mppca_bold.nii.gz, /mnt/ssd1/MyFirstStudy/derivatives/spineprep/sub-04/func/sub-04_task-motor_acq-KombiShimZBrain_run-01_desc-mppca_bold.nii.gz, /mnt/ssd1/MyFirstStudy/derivatives/spineprep/sub-04/func/sub-04_task-motor_acq-KombiShimZBrain_run-02_desc-mppca_bold.nii.gz, /mnt/ssd1/MyFirstStudy/derivatives/spineprep/sub-04/func/sub-04_task-motor_acq-KombiShimZBrain_run-03_desc-mppca_bold.nii.gz, /mnt/ssd1/MyFirstStudy/derivatives/spineprep/sub-04/func/sub-04_task-motor_acq-KombiShimZBrain_run-04_desc-mppca_bold.nii.gz, /mnt/ssd1/MyFirstStudy/derivatives/spineprep/sub-05/func/sub-05_task-motor_acq-KombiShimZBrain_run-01_desc-mppca_bold.nii.gz, /mnt/ssd1/MyFirstStudy/derivatives/spineprep/sub-05/func/sub-05_task-motor_acq-KombiShimZBrain_run-02_desc-mppca_bold.nii.gz, /mnt/ssd1/MyFirstStudy/derivatives/spineprep/sub-05/func/sub-05_task-motor_acq-KombiShimZBrain_run-03_desc-mppca_bold.nii.gz, /mnt/ssd1/MyFirstStudy/derivatives/spineprep/sub-05/func/sub-05_task-motor_acq-KombiShimZBrain_run-04_desc-mppca_bold.nii.gz, /mnt/ssd1/MyFirstStudy/derivatives/spineprep/sub-06/func/sub-06_task-motor_acq-KombiShimZBrain_run-01_desc-mppca_bold.nii.gz, /mnt/ssd1/MyFirstStudy/derivatives/spineprep/sub-06/func/sub-06_task-motor_acq-KombiShimZBrain_run-02_desc-mppca_bold.nii.gz, /mnt/ssd1/MyFirstStudy/derivatives/spineprep/sub-06/func/sub-06_task-motor_acq-KombiShimZBrain_run-03_desc-mppca_bold.nii.gz, /mnt/ssd1/MyFirstStudy/derivatives/spineprep/sub-06/func/sub-06_task-motor_acq-KombiShimZBrain_run-04_desc-mppca_bold.nii.gz, /mnt/ssd1/MyFirstStudy/derivatives/spineprep/sub-07/func/sub-07_task-motor_acq-KombiShimZBrain_run-01_desc-mppca_bold.nii.gz, /mnt/ssd1/MyFirstStudy/derivatives/spineprep/sub-07/func/sub-07_task-motor_acq-KombiShimZBrain_run-02_desc-mppca_bold.nii.gz, /mnt/ssd1/MyFirstStudy/derivatives/spineprep/sub-07/func/sub-07_task-motor_acq-KombiShimZBrain_run-03_desc-mppca_bold.nii.gz, /mnt/ssd1/MyFirstStudy/derivatives/spineprep/sub-07/func/sub-07_task-motor_acq-KombiShimZBrain_run-04_desc-mppca_bold.nii.gz, /mnt/ssd1/MyFirstStudy/derivatives/spineprep/sub-08/func/sub-08_task-motor_acq-KombiShimZBrain_run-01_desc-mppca_bold.nii.gz, /mnt/ssd1/MyFirstStudy/derivatives/spineprep/sub-08/func/sub-08_task-motor_acq-KombiShimZBrain_run-02_desc-mppca_bold.nii.gz, /mnt/ssd1/MyFirstStudy/derivatives/spineprep/sub-08/func/sub-08_task-motor_acq-KombiShimZBrain_run-03_desc-mppca_bold.nii.gz, /mnt/ssd1/MyFirstStudy/derivatives/spineprep/sub-08/func/sub-08_task-motor_acq-KombiShimZBrain_run-04_desc-mppca_bold.nii.gz, /mnt/ssd1/MyFirstStudy/derivatives/spineprep/sub-09/func/sub-09_task-motor_acq-KombiShimZBrain_run-01_desc-mppca_bold.nii.gz, /mnt/ssd1/MyFirstStudy/derivatives/spineprep/sub-09/func/sub-09_task-motor_acq-KombiShimZBrain_run-02_desc-mppca_bold.nii.gz, /mnt/ssd1/MyFirstStudy/derivatives/spineprep/sub-09/func/sub-09_task-motor_acq-KombiShimZBrain_run-03_desc-mppca_bold.nii.gz, /mnt/ssd1/MyFirstStudy/derivatives/spineprep/sub-09/func/sub-09_task-motor_acq-KombiShimZBrain_run-04_desc-mppca_bold.nii.gz, /mnt/ssd1/MyFirstStudy/derivatives/spineprep/sub-10/func/sub-10_task-motor_acq-KombiShimZBrain_run-01_desc-mppca_bold.nii.gz, /mnt/ssd1/MyFirstStudy/derivatives/spineprep/sub-10/func/sub-10_task-motor_acq-KombiShimZBrain_run-02_desc-mppca_bold.nii.gz, /mnt/ssd1/MyFirstStudy/derivatives/spineprep/sub-10/func/sub-10_task-motor_acq-KombiShimZBrain_run-03_desc-mppca_bold.nii.gz, /mnt/ssd1/MyFirstStudy/derivatives/spineprep/sub-10/func/sub-10_task-motor_acq-KombiShimZBrain_run-04_desc-mppca_bold.nii.gz, /mnt/ssd1/MyFirstStudy/derivatives/spineprep/sub-10/func/sub-10_task-motor_acq-KombiShimZBrain_run-05_desc-mppca_bold.nii.gz, /mnt/ssd1/MyFirstStudy/derivatives/spineprep/sub-10/func/sub-10_task-motor_acq-KombiShimZBrain_run-06_desc-mppca_bold.nii.gz, /mnt/ssd1/MyFirstStudy/derivatives/spineprep/sub-11/func/sub-11_task-motor_acq-KombiShimZBrain_run-01_desc-mppca_bold.nii.gz, /mnt/ssd1/MyFirstStudy/derivatives/spineprep/sub-11/func/sub-11_task-motor_acq-KombiShimZBrain_run-02_desc-mppca_bold.nii.gz, /mnt/ssd1/MyFirstStudy/derivatives/spineprep/sub-11/func/sub-11_task-motor_acq-KombiShimZBrain_run-03_desc-mppca_bold.nii.gz, /mnt/ssd1/MyFirstStudy/derivatives/spineprep/sub-11/func/sub-11_task-motor_acq-KombiShimZBrain_run-04_desc-mppca_bold.nii.gz
Exiting because a job execution failed. Look below for error messages
[Tue Oct  7 18:20:50 2025]
Error in rule mppca:
    message: None
    jobid: 3
    output: /mnt/ssd1/MyFirstStudy/derivatives/spineprep/sub-01/func/sub-01_task-motor_acq-KombiShimZBrain_run-01_desc-mppca_bold.nii.gz, /mnt/ssd1/MyFirstStudy/derivatives/spineprep/sub-01/func/sub-01_task-motor_acq-KombiShimZBrain_run-02_desc-mppca_bold.nii.gz, /mnt/ssd1/MyFirstStudy/derivatives/spineprep/sub-01/func/sub-01_task-motor_acq-KombiShimZBrain_run-03_desc-mppca_bold.nii.gz, /mnt/ssd1/MyFirstStudy/derivatives/spineprep/sub-01/func/sub-01_task-motor_acq-KombiShimZBrain_run-04_desc-mppca_bold.nii.gz, /mnt/ssd1/MyFirstStudy/derivatives/spineprep/sub-02/func/sub-02_task-motor_acq-KombiShimZBrain_run-01_desc-mppca_bold.nii.gz, /mnt/ssd1/MyFirstStudy/derivatives/spineprep/sub-02/func/sub-02_task-motor_acq-KombiShimZBrain_run-02_desc-mppca_bold.nii.gz, /mnt/ssd1/MyFirstStudy/derivatives/spineprep/sub-02/func/sub-02_task-motor_acq-KombiShimZBrain_run-03_desc-mppca_bold.nii.gz, /mnt/ssd1/MyFirstStudy/derivatives/spineprep/sub-02/func/sub-02_task-motor_acq-KombiShimZBrain_run-04_desc-mppca_bold.nii.gz, /mnt/ssd1/MyFirstStudy/derivatives/spineprep/sub-03/func/sub-03_task-motor_acq-KombiShimZBrain_run-01_desc-mppca_bold.nii.gz, /mnt/ssd1/MyFirstStudy/derivatives/spineprep/sub-03/func/sub-03_task-motor_acq-KombiShimZBrain_run-02_desc-mppca_bold.nii.gz, /mnt/ssd1/MyFirstStudy/derivatives/spineprep/sub-03/func/sub-03_task-motor_acq-KombiShimZBrain_run-03_desc-mppca_bold.nii.gz, /mnt/ssd1/MyFirstStudy/derivatives/spineprep/sub-03/func/sub-03_task-motor_acq-KombiShimZBrain_run-04_desc-mppca_bold.nii.gz, /mnt/ssd1/MyFirstStudy/derivatives/spineprep/sub-04/func/sub-04_task-motor_acq-KombiShimZBrain_run-01_desc-mppca_bold.nii.gz, /mnt/ssd1/MyFirstStudy/derivatives/spineprep/sub-04/func/sub-04_task-motor_acq-KombiShimZBrain_run-02_desc-mppca_bold.nii.gz, /mnt/ssd1/MyFirstStudy/derivatives/spineprep/sub-04/func/sub-04_task-motor_acq-KombiShimZBrain_run-03_desc-mppca_bold.nii.gz, /mnt/ssd1/MyFirstStudy/derivatives/spineprep/sub-04/func/sub-04_task-motor_acq-KombiShimZBrain_run-04_desc-mppca_bold.nii.gz, /mnt/ssd1/MyFirstStudy/derivatives/spineprep/sub-05/func/sub-05_task-motor_acq-KombiShimZBrain_run-01_desc-mppca_bold.nii.gz, /mnt/ssd1/MyFirstStudy/derivatives/spineprep/sub-05/func/sub-05_task-motor_acq-KombiShimZBrain_run-02_desc-mppca_bold.nii.gz, /mnt/ssd1/MyFirstStudy/derivatives/spineprep/sub-05/func/sub-05_task-motor_acq-KombiShimZBrain_run-03_desc-mppca_bold.nii.gz, /mnt/ssd1/MyFirstStudy/derivatives/spineprep/sub-05/func/sub-05_task-motor_acq-KombiShimZBrain_run-04_desc-mppca_bold.nii.gz, /mnt/ssd1/MyFirstStudy/derivatives/spineprep/sub-06/func/sub-06_task-motor_acq-KombiShimZBrain_run-01_desc-mppca_bold.nii.gz, /mnt/ssd1/MyFirstStudy/derivatives/spineprep/sub-06/func/sub-06_task-motor_acq-KombiShimZBrain_run-02_desc-mppca_bold.nii.gz, /mnt/ssd1/MyFirstStudy/derivatives/spineprep/sub-06/func/sub-06_task-motor_acq-KombiShimZBrain_run-03_desc-mppca_bold.nii.gz, /mnt/ssd1/MyFirstStudy/derivatives/spineprep/sub-06/func/sub-06_task-motor_acq-KombiShimZBrain_run-04_desc-mppca_bold.nii.gz, /mnt/ssd1/MyFirstStudy/derivatives/spineprep/sub-07/func/sub-07_task-motor_acq-KombiShimZBrain_run-01_desc-mppca_bold.nii.gz, /mnt/ssd1/MyFirstStudy/derivatives/spineprep/sub-07/func/sub-07_task-motor_acq-KombiShimZBrain_run-02_desc-mppca_bold.nii.gz, /mnt/ssd1/MyFirstStudy/derivatives/spineprep/sub-07/func/sub-07_task-motor_acq-KombiShimZBrain_run-03_desc-mppca_bold.nii.gz, /mnt/ssd1/MyFirstStudy/derivatives/spineprep/sub-07/func/sub-07_task-motor_acq-KombiShimZBrain_run-04_desc-mppca_bold.nii.gz, /mnt/ssd1/MyFirstStudy/derivatives/spineprep/sub-08/func/sub-08_task-motor_acq-KombiShimZBrain_run-01_desc-mppca_bold.nii.gz, /mnt/ssd1/MyFirstStudy/derivatives/spineprep/sub-08/func/sub-08_task-motor_acq-KombiShimZBrain_run-02_desc-mppca_bold.nii.gz, /mnt/ssd1/MyFirstStudy/derivatives/spineprep/sub-08/func/sub-08_task-motor_acq-KombiShimZBrain_run-03_desc-mppca_bold.nii.gz, /mnt/ssd1/MyFirstStudy/derivatives/spineprep/sub-08/func/sub-08_task-motor_acq-KombiShimZBrain_run-04_desc-mppca_bold.nii.gz, /mnt/ssd1/MyFirstStudy/derivatives/spineprep/sub-09/func/sub-09_task-motor_acq-KombiShimZBrain_run-01_desc-mppca_bold.nii.gz, /mnt/ssd1/MyFirstStudy/derivatives/spineprep/sub-09/func/sub-09_task-motor_acq-KombiShimZBrain_run-02_desc-mppca_bold.nii.gz, /mnt/ssd1/MyFirstStudy/derivatives/spineprep/sub-09/func/sub-09_task-motor_acq-KombiShimZBrain_run-03_desc-mppca_bold.nii.gz, /mnt/ssd1/MyFirstStudy/derivatives/spineprep/sub-09/func/sub-09_task-motor_acq-KombiShimZBrain_run-04_desc-mppca_bold.nii.gz, /mnt/ssd1/MyFirstStudy/derivatives/spineprep/sub-10/func/sub-10_task-motor_acq-KombiShimZBrain_run-01_desc-mppca_bold.nii.gz, /mnt/ssd1/MyFirstStudy/derivatives/spineprep/sub-10/func/sub-10_task-motor_acq-KombiShimZBrain_run-02_desc-mppca_bold.nii.gz, /mnt/ssd1/MyFirstStudy/derivatives/spineprep/sub-10/func/sub-10_task-motor_acq-KombiShimZBrain_run-03_desc-mppca_bold.nii.gz, /mnt/ssd1/MyFirstStudy/derivatives/spineprep/sub-10/func/sub-10_task-motor_acq-KombiShimZBrain_run-04_desc-mppca_bold.nii.gz, /mnt/ssd1/MyFirstStudy/derivatives/spineprep/sub-10/func/sub-10_task-motor_acq-KombiShimZBrain_run-05_desc-mppca_bold.nii.gz, /mnt/ssd1/MyFirstStudy/derivatives/spineprep/sub-10/func/sub-10_task-motor_acq-KombiShimZBrain_run-06_desc-mppca_bold.nii.gz, /mnt/ssd1/MyFirstStudy/derivatives/spineprep/sub-11/func/sub-11_task-motor_acq-KombiShimZBrain_run-01_desc-mppca_bold.nii.gz, /mnt/ssd1/MyFirstStudy/derivatives/spineprep/sub-11/func/sub-11_task-motor_acq-KombiShimZBrain_run-02_desc-mppca_bold.nii.gz, /mnt/ssd1/MyFirstStudy/derivatives/spineprep/sub-11/func/sub-11_task-motor_acq-KombiShimZBrain_run-03_desc-mppca_bold.nii.gz, /mnt/ssd1/MyFirstStudy/derivatives/spineprep/sub-11/func/sub-11_task-motor_acq-KombiShimZBrain_run-04_desc-mppca_bold.nii.gz
Complete log(s): /mnt/ssd1/SpinePrep/.snakemake/log/2025-10-07T182048.992327.snakemake.log
WorkflowError:
At least one job did not complete successfully.
